#-----------------------------------------------------------
# Vivado v2016.3 (64-bit)
# SW Build 1682563 on Mon Oct 10 19:07:27 MDT 2016
# IP Build 1681267 on Mon Oct 10 21:28:31 MDT 2016
# Start of session at: Fri Dec 16 17:02:47 2016
# Process ID: 8380
# Current directory: C:/Users/lirex/Desktop/Lab7_PunnavitAkkarapitakchai/CMPEN331_Lab7
# Command line: vivado.exe -gui_launcher_event rodinguilauncherevent7536 C:\Users\lirex\Desktop\Lab7_PunnavitAkkarapitakchai\CMPEN331_Lab7\CMPEN331_Lab7.xpr
# Log file: C:/Users/lirex/Desktop/Lab7_PunnavitAkkarapitakchai/CMPEN331_Lab7/vivado.log
# Journal file: C:/Users/lirex/Desktop/Lab7_PunnavitAkkarapitakchai/CMPEN331_Lab7\vivado.jou
#-----------------------------------------------------------
start_gui
open_project C:/Users/lirex/Desktop/Lab7_PunnavitAkkarapitakchai/CMPEN331_Lab7/CMPEN331_Lab7.xpr
Scanning sources...
Finished scanning sources
INFO: [IP_Flow 19-234] Refreshing IP repositories
INFO: [IP_Flow 19-1704] No user IP repositories specified
INFO: [IP_Flow 19-2313] Loaded Vivado IP repository 'C:/Xilinx/Vivado/2016.3/data/ip'.
exit
INFO: [Common 17-206] Exiting Vivado at Fri Dec 16 17:06:10 2016...
