Copyright 1986-2016 Xilinx, Inc. All Rights Reserved.
-------------------------------------------------------------------------------------------------------------------------------
| Tool Version     : Vivado v.2016.3 (win64) Build 1682563 Mon Oct 10 19:07:27 MDT 2016
| Date             : Fri Dec 16 13:02:11 2016
| Host             : LAPTOP-O4PP0NO2 running 64-bit major release  (build 9200)
| Command          : report_power -file top_power_routed.rpt -pb top_power_summary_routed.pb -rpx top_power_routed.rpx
| Design           : top
| Device           : xc7z010clg400-1
| Design State     : routed
| Grade            : commercial
| Process          : typical
| Characterization : Production
-------------------------------------------------------------------------------------------------------------------------------

Power Report

Table of Contents
-----------------
1. Summary
1.1 On-Chip Components
1.2 Power Supply Summary
1.3 Confidence Level
2. Settings
2.1 Environment
2.2 Clock Constraints
3. Detailed Reports
3.1 By Hierarchy

1. Summary
----------

+--------------------------+--------+
| Total On-Chip Power (W)  | 0.113  |
| Dynamic (W)              | 0.010  |
| Device Static (W)        | 0.103  |
| Effective TJA (C/W)      | 11.5   |
| Max Ambient (C)          | 83.7   |
| Junction Temperature (C) | 26.3   |
| Confidence Level         | Medium |
| Setting File             | ---    |
| Simulation Activity File | ---    |
| Design Nets Matched      | NA     |
+--------------------------+--------+


1.1 On-Chip Components
----------------------

+--------------------------+-----------+----------+-----------+-----------------+
| On-Chip                  | Power (W) | Used     | Available | Utilization (%) |
+--------------------------+-----------+----------+-----------+-----------------+
| Clocks                   |     0.002 |        3 |       --- |             --- |
| Slice Logic              |     0.003 |     2507 |       --- |             --- |
|   LUT as Logic           |     0.003 |      848 |     17600 |            4.82 |
|   CARRY4                 |    <0.001 |       16 |      4400 |            0.36 |
|   LUT as Distributed RAM |    <0.001 |      128 |      6000 |            2.13 |
|   F7/F8 Muxes            |    <0.001 |      363 |     17600 |            2.06 |
|   Register               |    <0.001 |     1038 |     35200 |            2.95 |
|   Others                 |     0.000 |        6 |       --- |             --- |
| Signals                  |     0.005 |     1859 |       --- |             --- |
| I/O                      |    <0.001 |        3 |       100 |            3.00 |
| Static Power             |     0.103 |          |           |                 |
| Total                    |     0.113 |          |           |                 |
+--------------------------+-----------+----------+-----------+-----------------+


1.2 Power Supply Summary
------------------------

+-----------+-------------+-----------+-------------+------------+
| Source    | Voltage (V) | Total (A) | Dynamic (A) | Static (A) |
+-----------+-------------+-----------+-------------+------------+
| Vccint    |       1.000 |     0.013 |       0.010 |      0.004 |
| Vccaux    |       1.800 |     0.011 |       0.000 |      0.011 |
| Vcco33    |       3.300 |     0.001 |       0.000 |      0.001 |
| Vcco25    |       2.500 |     0.000 |       0.000 |      0.000 |
| Vcco18    |       1.800 |     0.000 |       0.000 |      0.000 |
| Vcco15    |       1.500 |     0.000 |       0.000 |      0.000 |
| Vcco135   |       1.350 |     0.000 |       0.000 |      0.000 |
| Vcco12    |       1.200 |     0.000 |       0.000 |      0.000 |
| Vccaux_io |       1.800 |     0.000 |       0.000 |      0.000 |
| Vccbram   |       1.000 |     0.000 |       0.000 |      0.000 |
| MGTAVcc   |       1.000 |     0.000 |       0.000 |      0.000 |
| MGTAVtt   |       1.200 |     0.000 |       0.000 |      0.000 |
| MGTVccaux |       1.800 |     0.000 |       0.000 |      0.000 |
| Vccpint   |       1.000 |     0.016 |       0.000 |      0.016 |
| Vccpaux   |       1.800 |     0.010 |       0.000 |      0.010 |
| Vccpll    |       1.800 |     0.003 |       0.000 |      0.003 |
| Vcco_ddr  |       1.500 |     0.000 |       0.000 |      0.000 |
| Vcco_mio0 |       1.800 |     0.000 |       0.000 |      0.000 |
| Vcco_mio1 |       1.800 |     0.000 |       0.000 |      0.000 |
| Vccadc    |       1.800 |     0.020 |       0.000 |      0.020 |
+-----------+-------------+-----------+-------------+------------+


1.3 Confidence Level
--------------------

+-----------------------------+------------+-------------------------------------------------------+------------------------------------------------------------------------------------------------------------+
| User Input Data             | Confidence | Details                                               | Action                                                                                                     |
+-----------------------------+------------+-------------------------------------------------------+------------------------------------------------------------------------------------------------------------+
| Design implementation state | High       | Design is routed                                      |                                                                                                            |
| Clock nodes activity        | High       | User specified more than 95% of clocks                |                                                                                                            |
| I/O nodes activity          | Medium     | More than 5% of inputs are missing user specification | Provide missing input activity with simulation results or by editing the "By Resource Type -> I/Os" view   |
| Internal nodes activity     | Medium     | User specified less than 25% of internal nodes        | Provide missing internal nodes activity with simulation results or by editing the "By Resource Type" views |
| Device models               | High       | Device models are Production                          |                                                                                                            |
|                             |            |                                                       |                                                                                                            |
| Overall confidence level    | Medium     |                                                       |                                                                                                            |
+-----------------------------+------------+-------------------------------------------------------+------------------------------------------------------------------------------------------------------------+


2. Settings
-----------

2.1 Environment
---------------

+-----------------------+------------------------+
| Ambient Temp (C)      | 25.0                   |
| ThetaJA (C/W)         | 11.5                   |
| Airflow (LFM)         | 250                    |
| Heat Sink             | none                   |
| ThetaSA (C/W)         | 0.0                    |
| Board Selection       | medium (10"x10")       |
| # of Board Layers     | 8to11 (8 to 11 Layers) |
| Board Temperature (C) | 25.0                   |
+-----------------------+------------------------+


2.2 Clock Constraints
---------------------

+-------------+--------+-----------------+
| Clock       | Domain | Constraint (ns) |
+-------------+--------+-----------------+
| sys_clk_pin | clk    |            20.0 |
+-------------+--------+-----------------+


3. Detailed Reports
-------------------

3.1 By Hierarchy
----------------

+-------------------------+-----------+
| Name                    | Power (W) |
+-------------------------+-----------+
| top                     |     0.010 |
|   Control_Unit1         |     0.002 |
|   Data_Memory1          |    <0.001 |
|     RAM_reg_0_255_0_0   |    <0.001 |
|     RAM_reg_0_255_10_10 |    <0.001 |
|     RAM_reg_0_255_11_11 |    <0.001 |
|     RAM_reg_0_255_12_12 |    <0.001 |
|     RAM_reg_0_255_13_13 |    <0.001 |
|     RAM_reg_0_255_14_14 |    <0.001 |
|     RAM_reg_0_255_15_15 |    <0.001 |
|     RAM_reg_0_255_16_16 |    <0.001 |
|     RAM_reg_0_255_17_17 |    <0.001 |
|     RAM_reg_0_255_18_18 |    <0.001 |
|     RAM_reg_0_255_19_19 |    <0.001 |
|     RAM_reg_0_255_1_1   |    <0.001 |
|     RAM_reg_0_255_20_20 |    <0.001 |
|     RAM_reg_0_255_21_21 |    <0.001 |
|     RAM_reg_0_255_22_22 |    <0.001 |
|     RAM_reg_0_255_23_23 |    <0.001 |
|     RAM_reg_0_255_24_24 |    <0.001 |
|     RAM_reg_0_255_25_25 |    <0.001 |
|     RAM_reg_0_255_26_26 |    <0.001 |
|     RAM_reg_0_255_27_27 |    <0.001 |
|     RAM_reg_0_255_28_28 |    <0.001 |
|     RAM_reg_0_255_29_29 |    <0.001 |
|     RAM_reg_0_255_2_2   |    <0.001 |
|     RAM_reg_0_255_30_30 |    <0.001 |
|     RAM_reg_0_255_31_31 |    <0.001 |
|     RAM_reg_0_255_3_3   |    <0.001 |
|     RAM_reg_0_255_4_4   |    <0.001 |
|     RAM_reg_0_255_5_5   |    <0.001 |
|     RAM_reg_0_255_6_6   |    <0.001 |
|     RAM_reg_0_255_7_7   |    <0.001 |
|     RAM_reg_0_255_8_8   |    <0.001 |
|     RAM_reg_0_255_9_9   |    <0.001 |
|   mux4_pcsrc1           |    <0.001 |
|   program_counter1      |     0.005 |
|   regfile1              |     0.003 |
+-------------------------+-----------+


